<?xml version="1.0" encoding="UTF-8"?>
<testng-results ignored="0" total="1" passed="1" failed="0" skipped="0">
  <reporter-output>
  </reporter-output>
  <suite started-at="2026-02-13T17:30:57 IST" name="Default suite" finished-at="2026-02-13T17:31:27 IST" duration-ms="30047">
    <groups>
    </groups>
    <test started-at="2026-02-13T17:30:57 IST" name="Default test" finished-at="2026-02-13T17:31:27 IST" duration-ms="30047">
      <class name="com.mobileAndroid.Launch_Doctor_Application">
        <test-method is-config="true" signature="beforeSuite()[pri:0, instance:com.mobileAndroid.Launch_Doctor_Application@6c284af]" started-at="2026-02-13T17:30:57 IST" name="beforeSuite" finished-at="2026-02-13T17:30:57 IST" duration-ms="19" status="PASS">
          <reporter-output>
          </reporter-output>
        </test-method> <!-- beforeSuite -->
        <test-method is-config="true" signature="setup(java.lang.reflect.Method)[pri:0, instance:com.mobileAndroid.Launch_Doctor_Application@6c284af]" started-at="2026-02-13T17:30:57 IST" name="setup" finished-at="2026-02-13T17:31:07 IST" duration-ms="10428" status="PASS">
          <params>
            <param index="0">
              <value>
                <![CDATA[public void com.mobileAndroid.Launch_Doctor_Application.Verify_Doctor_Login_Page() throws java.lang.Exception]]>
              </value>
            </param>
          </params>
          <reporter-output>
          </reporter-output>
        </test-method> <!-- setup -->
        <test-method signature="Verify_Doctor_Login_Page()[pri:0, instance:com.mobileAndroid.Launch_Doctor_Application@6c284af]" started-at="2026-02-13T17:31:07 IST" name="Verify_Doctor_Login_Page" finished-at="2026-02-13T17:31:27 IST" duration-ms="19589" status="PASS">
          <reporter-output>
          </reporter-output>
        </test-method> <!-- Verify_Doctor_Login_Page -->
        <test-method is-config="true" signature="tearDown()[pri:0, instance:com.mobileAndroid.Launch_Doctor_Application@6c284af]" started-at="2026-02-13T17:31:27 IST" name="tearDown" finished-at="2026-02-13T17:31:27 IST" duration-ms="1" status="PASS">
          <reporter-output>
          </reporter-output>
        </test-method> <!-- tearDown -->
        <test-method is-config="true" signature="afterSuite()[pri:0, instance:com.mobileAndroid.Launch_Doctor_Application@6c284af]" started-at="2026-02-13T17:31:27 IST" name="afterSuite" finished-at="2026-02-13T17:31:27 IST" duration-ms="185" status="PASS">
          <reporter-output>
          </reporter-output>
        </test-method> <!-- afterSuite -->
      </class> <!-- com.mobileAndroid.Launch_Doctor_Application -->
    </test> <!-- Default test -->
  </suite> <!-- Default suite -->
</testng-results>
